<?xml version="1.0" encoding="UTF-8"?>
<testng-results ignored="0" total="1" passed="1" failed="0" skipped="0">
  <reporter-output>
  </reporter-output>
  <suite started-at="2024-05-20T08:25:28Z" name="Suite" finished-at="2024-05-20T08:25:55Z" duration-ms="26504">
    <groups>
    </groups>
    <test started-at="2024-05-20T08:25:28Z" name="Test" finished-at="2024-05-20T08:25:55Z" duration-ms="26504">
      <class name="com.ibm.Logintest">
        <test-method signature="OBIEE()[pri:0, instance:com.ibm.Logintest@3a7442c7]" started-at="2024-05-20T08:25:28Z" name="OBIEE" finished-at="2024-05-20T08:25:55Z" duration-ms="26486" status="PASS">
          <reporter-output>
          </reporter-output>
        </test-method> <!-- OBIEE -->
      </class> <!-- com.ibm.Logintest -->
    </test> <!-- Test -->
  </suite> <!-- Suite -->
</testng-results>
