<?xml version="1.0" encoding="UTF-8"?>
<testng-results ignored="0" total="1" passed="1" failed="0" skipped="0">
  <reporter-output>
  </reporter-output>
  <suite started-at="2024-05-20T13:53:47 IST" name="Default suite" finished-at="2024-05-20T13:54:18 IST" duration-ms="30861">
    <groups>
    </groups>
    <test started-at="2024-05-20T13:53:47 IST" name="Default test" finished-at="2024-05-20T13:54:18 IST" duration-ms="30861">
      <class name="com.ibm.Logintest">
        <test-method signature="OBIEE()[pri:0, instance:com.ibm.Logintest@3bf9ce3e]" started-at="2024-05-20T13:53:47 IST" name="OBIEE" finished-at="2024-05-20T13:54:18 IST" duration-ms="30826" status="PASS">
          <reporter-output>
          </reporter-output>
        </test-method> <!-- OBIEE -->
      </class> <!-- com.ibm.Logintest -->
    </test> <!-- Default test -->
  </suite> <!-- Default suite -->
</testng-results>
